<?xml version="1.0" encoding="UTF-8"?>
<!-- Generated by org.testng.reporters.JUnitXMLReporter -->
<testsuite ignored="0" hostname="LAPTOP-92JV7RAB" failures="1" tests="1" name="Default test" time="33.701" errors="0" timestamp="2026-02-01T19:49:28 IST">
  <testcase classname="tests.HomePageTest" name="test" time="24.512">
    <failure type="org.opentest4j.AssertionFailedError" message="Locator expected to contain text
Error: strict mode violation: locator(&amp;quot;.cart-item&amp;quot;) resolved to 3 elements:
    1) &amp;lt;tr role=&amp;quot;row&amp;quot; class=&amp;quot;cart-item&amp;quot; id=&amp;quot;CartDrawer-Item-1&amp;quot;&amp;gt;…&amp;lt;/tr&amp;gt; aka getByRole(AriaRole.ROW, new Page.GetByRoleOptions().setName(&amp;quot;BMW Stripes Pattern iPhone 16 Pro Glass Case Back Cover by Casekaro BMW Stripes&amp;quot;))
    2) &amp;lt;tr role=&amp;quot;row&amp;quot; class=&amp;quot;cart-item&amp;quot; id=&amp;quot;CartDrawer-Item-2&amp;quot;&amp;gt;…&amp;lt;/tr&amp;gt; aka getByRole(AriaRole.ROW, new Page.GetByRoleOptions().setName(&amp;quot;BMW Stripes Pattern iPhone 16 Pro Soft Case Back Cover by Casekaro BMW Stripes&amp;quot;))
    3) &amp;lt;tr role=&amp;quot;row&amp;quot; class=&amp;quot;cart-item&amp;quot; id=&amp;quot;CartDrawer-Item-3&amp;quot;&amp;gt;…&amp;lt;/tr&amp;gt; aka getByRole(AriaRole.ROW, new Page.GetByRoleOptions().setName(&amp;quot;BMW Stripes Pattern iPhone 16 Pro Hard Case Back Cover by Casekaro BMW Stripes&amp;quot;))

Expected: BMW Stripes Pattern
Received: null

Call log:
  - Assert &amp;quot;containsText&amp;quot; with timeout 5000ms
  - waiting for locator(&amp;quot;.cart-item&amp;quot;)">
      <![CDATA[org.opentest4j.AssertionFailedError: Locator expected to contain text
Error: strict mode violation: locator(".cart-item") resolved to 3 elements:
    1) <tr role="row" class="cart-item" id="CartDrawer-Item-1">…</tr> aka getByRole(AriaRole.ROW, new Page.GetByRoleOptions().setName("BMW Stripes Pattern iPhone 16 Pro Glass Case Back Cover by Casekaro BMW Stripes"))
    2) <tr role="row" class="cart-item" id="CartDrawer-Item-2">…</tr> aka getByRole(AriaRole.ROW, new Page.GetByRoleOptions().setName("BMW Stripes Pattern iPhone 16 Pro Soft Case Back Cover by Casekaro BMW Stripes"))
    3) <tr role="row" class="cart-item" id="CartDrawer-Item-3">…</tr> aka getByRole(AriaRole.ROW, new Page.GetByRoleOptions().setName("BMW Stripes Pattern iPhone 16 Pro Hard Case Back Cover by Casekaro BMW Stripes"))

Expected: BMW Stripes Pattern
Received: null

Call log:
  - Assert "containsText" with timeout 5000ms
  - waiting for locator(".cart-item")
at com.microsoft.playwright.impl.AssertionsBase.expectImpl(AssertionsBase.java:74)
at com.microsoft.playwright.impl.AssertionsBase.expectImpl(AssertionsBase.java:47)
at com.microsoft.playwright.impl.AssertionsBase.expectImpl(AssertionsBase.java:39)
at com.microsoft.playwright.impl.LocatorAssertionsImpl.containsText(LocatorAssertionsImpl.java:75)
at com.microsoft.playwright.assertions.LocatorAssertions.containsText(LocatorAssertions.java:1008)
at pages.CartPage.validateItems(CartPage.java:25)
at tests.HomePageTest.test(HomePageTest.java:56)
at java.base/jdk.internal.reflect.DirectMethodHandleAccessor.invoke(DirectMethodHandleAccessor.java:103)
at java.base/java.lang.reflect.Method.invoke(Method.java:580)
at org.testng.internal.invokers.MethodInvocationHelper.invokeMethod(MethodInvocationHelper.java:141)
at org.testng.internal.invokers.TestInvoker.invokeMethod(TestInvoker.java:687)
at org.testng.internal.invokers.TestInvoker.invokeTestMethod(TestInvoker.java:230)
at org.testng.internal.invokers.MethodRunner.runInSequence(MethodRunner.java:63)
at org.testng.internal.invokers.TestInvoker$MethodInvocationAgent.invoke(TestInvoker.java:995)
at org.testng.internal.invokers.TestInvoker.invokeTestMethods(TestInvoker.java:203)
at org.testng.internal.invokers.TestMethodWorker.invokeTestMethods(TestMethodWorker.java:154)
at org.testng.internal.invokers.TestMethodWorker.run(TestMethodWorker.java:134)
at java.base/java.util.ArrayList.forEach(ArrayList.java:1596)
at org.testng.TestRunner.privateRun(TestRunner.java:741)
at org.testng.TestRunner.run(TestRunner.java:616)
at org.testng.SuiteRunner.runTest(SuiteRunner.java:421)
at org.testng.SuiteRunner.runSequentially(SuiteRunner.java:413)
at org.testng.SuiteRunner.privateRun(SuiteRunner.java:373)
at org.testng.SuiteRunner.run(SuiteRunner.java:312)
at org.testng.SuiteRunnerWorker.runSuite(SuiteRunnerWorker.java:52)
at org.testng.SuiteRunnerWorker.run(SuiteRunnerWorker.java:95)
at org.testng.TestNG.runSuitesSequentially(TestNG.java:1274)
at org.testng.TestNG.runSuitesLocally(TestNG.java:1208)
at org.testng.TestNG.runSuites(TestNG.java:1112)
at org.testng.TestNG.run(TestNG.java:1079)
at org.testng.remote.AbstractRemoteTestNG.run(AbstractRemoteTestNG.java:115)
at org.testng.remote.RemoteTestNG.initAndRun(RemoteTestNG.java:293)
at org.testng.remote.RemoteTestNG.main(RemoteTestNG.java:91)
]]>
    </failure>
  </testcase> <!-- test -->
</testsuite> <!-- Default test -->
